<?xml version="1.0" encoding="UTF-8"?>
<!-- Generated by org.testng.reporters.JUnitXMLReporter -->
<testsuite ignored="9" hostname="DESKTOP-NA85CSH" failures="2" tests="3" name="login" time="41.878" errors="0" timestamp="2022-04-21T09:13:39 IST">
  <testcase classname="toolQAWebSites.ValidateHomePage" name="ValidatehomePage" time="0.025">
    <failure type="java.lang.NullPointerException" message="Cannot invoke &amp;quot;org.openqa.selenium.WebDriver.findElement(org.openqa.selenium.By)&amp;quot; because &amp;quot;this.driver&amp;quot; is null">
      <![CDATA[java.lang.NullPointerException: Cannot invoke "org.openqa.selenium.WebDriver.findElement(org.openqa.selenium.By)" because "this.driver" is null
at toolQAWebSites.ValidateHomePage.ValidatehomePage(ValidateHomePage.java:11)
at java.base/java.util.ArrayList.forEach(ArrayList.java:1511)
... Removed 27 stack frames]]>
    </failure>
  </testcase> <!-- ValidatehomePage -->
  <testcase classname="toolQAWebSites.ValidateAuthorandPulisher" name="ValidateAuthorAndPublisher" time="0.0">
    <skipped/>
  </testcase> <!-- ValidateAuthorAndPublisher -->
  <testcase classname="toolQAWebSites.SearchAnotherBook" name="AnotherBook" time="0.004">
    <failure type="java.lang.NullPointerException" message="Cannot invoke &amp;quot;org.openqa.selenium.WebDriver.findElement(org.openqa.selenium.By)&amp;quot; because &amp;quot;this.driver&amp;quot; is null">
      <![CDATA[java.lang.NullPointerException: Cannot invoke "org.openqa.selenium.WebDriver.findElement(org.openqa.selenium.By)" because "this.driver" is null
at toolQAWebSites.SearchAnotherBook.AnotherBook(SearchAnotherBook.java:15)
at java.base/java.util.ArrayList.forEach(ArrayList.java:1511)
... Removed 27 stack frames]]>
    </failure>
  </testcase> <!-- AnotherBook -->
  <testcase classname="toolQAWebSites.ValidateHomePage" name="ValidatehomePage" time="0.0">
    <ignored/>
  </testcase> <!-- ValidatehomePage -->
  <testcase classname="toolQAWebSites.ValidateHomePage" name="ValidatehomePage" time="0.0">
    <ignored/>
  </testcase> <!-- ValidatehomePage -->
  <testcase classname="toolQAWebSites.UtilityClass" name="@BeforeTest InitialiseBrowser" time="0.0">
    <ignored/>
  </testcase> <!-- @BeforeTest InitialiseBrowser -->
  <testcase classname="toolQAWebSites.UtilityClass" name="@BeforeTest InitialiseBrowser" time="0.0">
    <ignored/>
  </testcase> <!-- @BeforeTest InitialiseBrowser -->
  <testcase classname="toolQAWebSites.UtilityClass" name="@BeforeTest InitialiseBrowser" time="0.0">
    <ignored/>
  </testcase> <!-- @BeforeTest InitialiseBrowser -->
  <testcase classname="toolQAWebSites.ValidateAuthorandPulisher" name="ValidateAuthorAndPublisher" time="0.0">
    <ignored/>
  </testcase> <!-- ValidateAuthorAndPublisher -->
  <testcase classname="toolQAWebSites.UtilityClass" name="@AfterTest quitebrowser" time="0.0">
    <ignored/>
  </testcase> <!-- @AfterTest quitebrowser -->
  <testcase classname="toolQAWebSites.UtilityClass" name="@AfterTest quitebrowser" time="0.0">
    <ignored/>
  </testcase> <!-- @AfterTest quitebrowser -->
  <testcase classname="toolQAWebSites.UtilityClass" name="@AfterTest quitebrowser" time="0.0">
    <ignored/>
  </testcase> <!-- @AfterTest quitebrowser -->
</testsuite> <!-- login -->
